CRITICAL - 2024-02-24 07:54:06 --> ErrorException: Undefined variable $title
in APPPATH\Views\template.php on line 7.
 1 APPPATH\Views\template.php(7): CodeIgniter\Debug\Exceptions->errorHandler(2, 'Undefined variable $title', 'C:\\wamp\\www\\codeigniter\\app\\Views\\template.php', 7)
 2 SYSTEMPATH\View\View.php(228): include('C:\\wamp\\www\\codeigniter\\app\\Views\\template.php')
 3 SYSTEMPATH\View\View.php(231): CodeIgniter\View\View->CodeIgniter\View\{closure}()
 4 SYSTEMPATH\View\View.php(244): CodeIgniter\View\View->render('template', [], true)
 5 SYSTEMPATH\Common.php(1178): CodeIgniter\View\View->render('home', [], true)
 6 APPPATH\Controllers\Template.php(10): view('home')
 7 SYSTEMPATH\CodeIgniter.php(941): App\Controllers\Template->form()
 8 SYSTEMPATH\CodeIgniter.php(502): CodeIgniter\CodeIgniter->runController(Object(App\Controllers\Template))
 9 SYSTEMPATH\CodeIgniter.php(361): CodeIgniter\CodeIgniter->handleRequest(null, Object(Config\Cache), false)
10 FCPATH\index.php(79): CodeIgniter\CodeIgniter->run()
CRITICAL - 2024-02-24 07:59:09 --> ErrorException: Undefined variable $title
in APPPATH\Views\template.php on line 7.
 1 APPPATH\Views\template.php(7): CodeIgniter\Debug\Exceptions->errorHandler(2, 'Undefined variable $title', 'C:\\wamp\\www\\codeigniter\\app\\Views\\template.php', 7)
 2 SYSTEMPATH\View\View.php(228): include('C:\\wamp\\www\\codeigniter\\app\\Views\\template.php')
 3 SYSTEMPATH\View\View.php(231): CodeIgniter\View\View->CodeIgniter\View\{closure}()
 4 SYSTEMPATH\View\View.php(244): CodeIgniter\View\View->render('template', [], true)
 5 SYSTEMPATH\Common.php(1178): CodeIgniter\View\View->render('home', [], true)
 6 APPPATH\Controllers\Template.php(10): view('home')
 7 SYSTEMPATH\CodeIgniter.php(941): App\Controllers\Template->form()
 8 SYSTEMPATH\CodeIgniter.php(502): CodeIgniter\CodeIgniter->runController(Object(App\Controllers\Template))
 9 SYSTEMPATH\CodeIgniter.php(361): CodeIgniter\CodeIgniter->handleRequest(null, Object(Config\Cache), false)
10 FCPATH\index.php(79): CodeIgniter\CodeIgniter->run()
CRITICAL - 2024-02-24 07:59:57 --> ErrorException: Undefined variable $title
in APPPATH\Views\template.php on line 7.
 1 APPPATH\Views\template.php(7): CodeIgniter\Debug\Exceptions->errorHandler(2, 'Undefined variable $title', 'C:\\wamp\\www\\codeigniter\\app\\Views\\template.php', 7)
 2 SYSTEMPATH\View\View.php(228): include('C:\\wamp\\www\\codeigniter\\app\\Views\\template.php')
 3 SYSTEMPATH\View\View.php(231): CodeIgniter\View\View->CodeIgniter\View\{closure}()
 4 SYSTEMPATH\View\View.php(244): CodeIgniter\View\View->render('template', [], true)
 5 SYSTEMPATH\Common.php(1178): CodeIgniter\View\View->render('home', [], true)
 6 APPPATH\Controllers\Template.php(10): view('home')
 7 SYSTEMPATH\CodeIgniter.php(941): App\Controllers\Template->form()
 8 SYSTEMPATH\CodeIgniter.php(502): CodeIgniter\CodeIgniter->runController(Object(App\Controllers\Template))
 9 SYSTEMPATH\CodeIgniter.php(361): CodeIgniter\CodeIgniter->handleRequest(null, Object(Config\Cache), false)
10 FCPATH\index.php(79): CodeIgniter\CodeIgniter->run()
CRITICAL - 2024-02-24 08:02:35 --> ErrorException: Undefined variable $title
in APPPATH\Views\template.php on line 7.
 1 APPPATH\Views\template.php(7): CodeIgniter\Debug\Exceptions->errorHandler(2, 'Undefined variable $title', 'C:\\wamp\\www\\codeigniter\\app\\Views\\template.php', 7)
 2 SYSTEMPATH\View\View.php(228): include('C:\\wamp\\www\\codeigniter\\app\\Views\\template.php')
 3 SYSTEMPATH\View\View.php(231): CodeIgniter\View\View->CodeIgniter\View\{closure}()
 4 SYSTEMPATH\View\View.php(244): CodeIgniter\View\View->render('template', [], true)
 5 SYSTEMPATH\Common.php(1178): CodeIgniter\View\View->render('home', [], true)
 6 APPPATH\Controllers\Template.php(10): view('home')
 7 SYSTEMPATH\CodeIgniter.php(941): App\Controllers\Template->form()
 8 SYSTEMPATH\CodeIgniter.php(502): CodeIgniter\CodeIgniter->runController(Object(App\Controllers\Template))
 9 SYSTEMPATH\CodeIgniter.php(361): CodeIgniter\CodeIgniter->handleRequest(null, Object(Config\Cache), false)
10 FCPATH\index.php(79): CodeIgniter\CodeIgniter->run()
CRITICAL - 2024-02-24 08:02:36 --> ErrorException: Undefined variable $title
in APPPATH\Views\template.php on line 7.
 1 APPPATH\Views\template.php(7): CodeIgniter\Debug\Exceptions->errorHandler(2, 'Undefined variable $title', 'C:\\wamp\\www\\codeigniter\\app\\Views\\template.php', 7)
 2 SYSTEMPATH\View\View.php(228): include('C:\\wamp\\www\\codeigniter\\app\\Views\\template.php')
 3 SYSTEMPATH\View\View.php(231): CodeIgniter\View\View->CodeIgniter\View\{closure}()
 4 SYSTEMPATH\View\View.php(244): CodeIgniter\View\View->render('template', [], true)
 5 SYSTEMPATH\Common.php(1178): CodeIgniter\View\View->render('home', [], true)
 6 APPPATH\Controllers\Template.php(10): view('home')
 7 SYSTEMPATH\CodeIgniter.php(941): App\Controllers\Template->form()
 8 SYSTEMPATH\CodeIgniter.php(502): CodeIgniter\CodeIgniter->runController(Object(App\Controllers\Template))
 9 SYSTEMPATH\CodeIgniter.php(361): CodeIgniter\CodeIgniter->handleRequest(null, Object(Config\Cache), false)
10 FCPATH\index.php(79): CodeIgniter\CodeIgniter->run()
CRITICAL - 2024-02-24 08:02:38 --> ErrorException: Undefined variable $title
in APPPATH\Views\template.php on line 7.
 1 APPPATH\Views\template.php(7): CodeIgniter\Debug\Exceptions->errorHandler(2, 'Undefined variable $title', 'C:\\wamp\\www\\codeigniter\\app\\Views\\template.php', 7)
 2 SYSTEMPATH\View\View.php(228): include('C:\\wamp\\www\\codeigniter\\app\\Views\\template.php')
 3 SYSTEMPATH\View\View.php(231): CodeIgniter\View\View->CodeIgniter\View\{closure}()
 4 SYSTEMPATH\View\View.php(244): CodeIgniter\View\View->render('template', [], true)
 5 SYSTEMPATH\Common.php(1178): CodeIgniter\View\View->render('home', [], true)
 6 APPPATH\Controllers\Template.php(10): view('home')
 7 SYSTEMPATH\CodeIgniter.php(941): App\Controllers\Template->form()
 8 SYSTEMPATH\CodeIgniter.php(502): CodeIgniter\CodeIgniter->runController(Object(App\Controllers\Template))
 9 SYSTEMPATH\CodeIgniter.php(361): CodeIgniter\CodeIgniter->handleRequest(null, Object(Config\Cache), false)
10 FCPATH\index.php(79): CodeIgniter\CodeIgniter->run()
CRITICAL - 2024-02-24 08:02:38 --> ErrorException: Undefined variable $title
in APPPATH\Views\template.php on line 7.
 1 APPPATH\Views\template.php(7): CodeIgniter\Debug\Exceptions->errorHandler(2, 'Undefined variable $title', 'C:\\wamp\\www\\codeigniter\\app\\Views\\template.php', 7)
 2 SYSTEMPATH\View\View.php(228): include('C:\\wamp\\www\\codeigniter\\app\\Views\\template.php')
 3 SYSTEMPATH\View\View.php(231): CodeIgniter\View\View->CodeIgniter\View\{closure}()
 4 SYSTEMPATH\View\View.php(244): CodeIgniter\View\View->render('template', [], true)
 5 SYSTEMPATH\Common.php(1178): CodeIgniter\View\View->render('home', [], true)
 6 APPPATH\Controllers\Template.php(10): view('home')
 7 SYSTEMPATH\CodeIgniter.php(941): App\Controllers\Template->form()
 8 SYSTEMPATH\CodeIgniter.php(502): CodeIgniter\CodeIgniter->runController(Object(App\Controllers\Template))
 9 SYSTEMPATH\CodeIgniter.php(361): CodeIgniter\CodeIgniter->handleRequest(null, Object(Config\Cache), false)
10 FCPATH\index.php(79): CodeIgniter\CodeIgniter->run()
CRITICAL - 2024-02-24 08:02:38 --> ErrorException: Undefined variable $title
in APPPATH\Views\template.php on line 7.
 1 APPPATH\Views\template.php(7): CodeIgniter\Debug\Exceptions->errorHandler(2, 'Undefined variable $title', 'C:\\wamp\\www\\codeigniter\\app\\Views\\template.php', 7)
 2 SYSTEMPATH\View\View.php(228): include('C:\\wamp\\www\\codeigniter\\app\\Views\\template.php')
 3 SYSTEMPATH\View\View.php(231): CodeIgniter\View\View->CodeIgniter\View\{closure}()
 4 SYSTEMPATH\View\View.php(244): CodeIgniter\View\View->render('template', [], true)
 5 SYSTEMPATH\Common.php(1178): CodeIgniter\View\View->render('home', [], true)
 6 APPPATH\Controllers\Template.php(10): view('home')
 7 SYSTEMPATH\CodeIgniter.php(941): App\Controllers\Template->form()
 8 SYSTEMPATH\CodeIgniter.php(502): CodeIgniter\CodeIgniter->runController(Object(App\Controllers\Template))
 9 SYSTEMPATH\CodeIgniter.php(361): CodeIgniter\CodeIgniter->handleRequest(null, Object(Config\Cache), false)
10 FCPATH\index.php(79): CodeIgniter\CodeIgniter->run()
CRITICAL - 2024-02-24 08:06:58 --> ErrorException: Undefined variable $title
in APPPATH\Views\template.php on line 7.
 1 APPPATH\Views\template.php(7): CodeIgniter\Debug\Exceptions->errorHandler(2, 'Undefined variable $title', 'C:\\wamp\\www\\codeigniter\\app\\Views\\template.php', 7)
 2 SYSTEMPATH\View\View.php(228): include('C:\\wamp\\www\\codeigniter\\app\\Views\\template.php')
 3 SYSTEMPATH\View\View.php(231): CodeIgniter\View\View->CodeIgniter\View\{closure}()
 4 SYSTEMPATH\View\View.php(244): CodeIgniter\View\View->render('template', [], true)
 5 SYSTEMPATH\Common.php(1178): CodeIgniter\View\View->render('home', [], true)
 6 APPPATH\Controllers\Template.php(10): view('home')
 7 SYSTEMPATH\CodeIgniter.php(941): App\Controllers\Template->form()
 8 SYSTEMPATH\CodeIgniter.php(502): CodeIgniter\CodeIgniter->runController(Object(App\Controllers\Template))
 9 SYSTEMPATH\CodeIgniter.php(361): CodeIgniter\CodeIgniter->handleRequest(null, Object(Config\Cache), false)
10 FCPATH\index.php(79): CodeIgniter\CodeIgniter->run()
CRITICAL - 2024-02-24 08:08:45 --> ErrorException: Undefined variable $title
in APPPATH\Views\template.php on line 7.
 1 APPPATH\Views\template.php(7): CodeIgniter\Debug\Exceptions->errorHandler(2, 'Undefined variable $title', 'C:\\wamp\\www\\codeigniter\\app\\Views\\template.php', 7)
 2 SYSTEMPATH\View\View.php(228): include('C:\\wamp\\www\\codeigniter\\app\\Views\\template.php')
 3 SYSTEMPATH\View\View.php(231): CodeIgniter\View\View->CodeIgniter\View\{closure}()
 4 SYSTEMPATH\View\View.php(244): CodeIgniter\View\View->render('template', [], true)
 5 SYSTEMPATH\Common.php(1178): CodeIgniter\View\View->render('home', [], true)
 6 APPPATH\Controllers\Template.php(10): view('home')
 7 SYSTEMPATH\CodeIgniter.php(941): App\Controllers\Template->form()
 8 SYSTEMPATH\CodeIgniter.php(502): CodeIgniter\CodeIgniter->runController(Object(App\Controllers\Template))
 9 SYSTEMPATH\CodeIgniter.php(361): CodeIgniter\CodeIgniter->handleRequest(null, Object(Config\Cache), false)
10 FCPATH\index.php(79): CodeIgniter\CodeIgniter->run()
CRITICAL - 2024-02-24 08:09:38 --> ErrorException: Undefined variable $title
in APPPATH\Views\template.php on line 7.
 1 APPPATH\Views\template.php(7): CodeIgniter\Debug\Exceptions->errorHandler(2, 'Undefined variable $title', 'C:\\wamp\\www\\codeigniter\\app\\Views\\template.php', 7)
 2 SYSTEMPATH\View\View.php(228): include('C:\\wamp\\www\\codeigniter\\app\\Views\\template.php')
 3 SYSTEMPATH\View\View.php(231): CodeIgniter\View\View->CodeIgniter\View\{closure}()
 4 SYSTEMPATH\View\View.php(244): CodeIgniter\View\View->render('template', [], true)
 5 SYSTEMPATH\Common.php(1178): CodeIgniter\View\View->render('home', [], true)
 6 APPPATH\Controllers\Template.php(10): view('home')
 7 SYSTEMPATH\CodeIgniter.php(941): App\Controllers\Template->form()
 8 SYSTEMPATH\CodeIgniter.php(502): CodeIgniter\CodeIgniter->runController(Object(App\Controllers\Template))
 9 SYSTEMPATH\CodeIgniter.php(361): CodeIgniter\CodeIgniter->handleRequest(null, Object(Config\Cache), false)
10 FCPATH\index.php(79): CodeIgniter\CodeIgniter->run()
CRITICAL - 2024-02-24 08:09:48 --> ErrorException: Undefined variable $title
in APPPATH\Views\template.php on line 7.
 1 APPPATH\Views\template.php(7): CodeIgniter\Debug\Exceptions->errorHandler(2, 'Undefined variable $title', 'C:\\wamp\\www\\codeigniter\\app\\Views\\template.php', 7)
 2 SYSTEMPATH\View\View.php(228): include('C:\\wamp\\www\\codeigniter\\app\\Views\\template.php')
 3 SYSTEMPATH\View\View.php(231): CodeIgniter\View\View->CodeIgniter\View\{closure}()
 4 SYSTEMPATH\View\View.php(244): CodeIgniter\View\View->render('template', [], true)
 5 SYSTEMPATH\Common.php(1178): CodeIgniter\View\View->render('home', [], true)
 6 APPPATH\Controllers\Template.php(10): view('home')
 7 SYSTEMPATH\CodeIgniter.php(941): App\Controllers\Template->form()
 8 SYSTEMPATH\CodeIgniter.php(502): CodeIgniter\CodeIgniter->runController(Object(App\Controllers\Template))
 9 SYSTEMPATH\CodeIgniter.php(361): CodeIgniter\CodeIgniter->handleRequest(null, Object(Config\Cache), false)
10 FCPATH\index.php(79): CodeIgniter\CodeIgniter->run()
